<?xml version="1.0" encoding="UTF-8"?>
<testsuite xmlns:xsi="http://www.w3.org/2001/XMLSchema-instance" xsi:schemaLocation="https://maven.apache.org/surefire/maven-surefire-plugin/xsd/surefire-test-report.xsd" name="runner.AllTests" time="2.004" tests="7" errors="0" skipped="0" failures="1">
  <properties>
[...]
</properties>
  <testcase name="getCarts" classname="sample.serverest.carts.GetCarts" time="1.051">
    <failure message="1 expectation failed.&#10;Expected status code &lt;202&gt; but was &lt;200&gt;.&#10;" type="java.lang.AssertionError"><![CDATA[java.lang.AssertionError: 
1 expectation failed.
Expected status code <202> but was <200>.

	at sample.serverest.carts.GetCarts.getCarts(GetCarts.java:16)
]]></failure>
  </testcase>
  <testcase name="getProducts" classname="sample.serverest.products.GetProducts" time="0.535"/>
  <testcase name="postLogin" classname="sample.serverest.login.PostLogin" time="0.068"/>
  <testcase name="deleteCarts" classname="sample.serverest.carts.DeleteCarts" time="0.063"/>
  <testcase name="deleteCartsUnauthorized" classname="sample.serverest.carts.DeleteCarts" time="0.037"/>
  <testcase name="postEqualUser" classname="sample.serverest.users.PostUsers" time="0.155"/>
  <testcase name="postCreateUser" classname="sample.serverest.users.PostUsers" time="0.056"/>
</testsuite>